4415.dic
4415.lm
4415.log_pronounce
4415.sent
4415.vocab
books.gram
books.kws
cmudict-en-us.dict
corpus.txt
digits.gram
en-phone.dmp
en-us-ptm1/README
en-us-ptm1/feat.params
en-us-ptm1/mdef
en-us-ptm1/means
en-us-ptm1/noisedict
en-us-ptm1/sendump
en-us-ptm1/transition_matrices
en-us-ptm1/variances
en-us-ptm/README
en-us-ptm/feat.params
en-us-ptm/mdef
en-us-ptm/mdef.txt
en-us-ptm/means
en-us-ptm/mixture_weights
en-us-ptm/noisedict
en-us-ptm/sendump
en-us-ptm/transition_matrices
en-us-ptm/variances
menu.gram
weather.dmp